<?xml version="1.0" encoding="UTF-8"?><testng-results failed="0" passed="16" skipped="0" total="16">
  <reporter-output>
    <line>
      The result of the test is-


    </line>
    <line>
      **RESULT: Pass
    </line>
    <line>
      **INPUT: http://54.209.245.204/teamengine/test-arg-validXMLFile.xml
    </line>
    <line>
      **TEST NAME AND VERSION    :iso19139-1.0
    </line>
    <line>
      **DATE AND TIME PERFORMED  :2015/05/07 01:16:15
    </line>
    <line>
      Passed tests for suite 'iso19139-1.0' is:16
    </line>
    <line>
      Failed tests for suite 'iso19139-1.0' is:0
    </line>
    <line>
      Skipped tests for suite 'iso19139-1.0' is:0
    </line>
    <line>
      
REASON:


    </line>
    <line>
      http://54.209.245.204/teamengine/test-arg-validXMLFile.xml conform to the clause A.1 of ISO 19139

    </line>
    <line>
      ,, http://54.209.245.204/teamengine/test-arg-validXMLFile.xml conform to the clause A.2 of ISO 19139, http://54.209.245.204/teamengine/test-arg-validXMLFile.xml conform to the clause A.3 of ISO 19139
    </line>
  </reporter-output>
  <suite duration-ms="1951" finished-at="2015-05-07T01:16:15Z" name="iso19139-1.0" started-at="2015-05-07T01:16:13Z">
    <groups>
      <group name="inputvalidation">
        <method class="org.opengis.cite.iso19139.level1.ValidateInputTest" name="validateXMLPath" signature="ValidateInputTest.validateXMLPath(org.testng.ITestContext)[pri:0, instance:org.opengis.cite.iso19139.level1.ValidateInputTest@904eb3c]"/>
        <method class="org.opengis.cite.iso19139.level1.ValidateInputTest" name="validateXMLFile" signature="ValidateInputTest.validateXMLFile(org.testng.ITestContext)[pri:0, instance:org.opengis.cite.iso19139.level1.ValidateInputTest@904eb3c]"/>
      </group> <!-- inputvalidation -->
    </groups>
    <test duration-ms="192" finished-at="2015-05-07T01:16:13Z" name="Conformance Level 1" started-at="2015-05-07T01:16:13Z">
      <class name="org.opengis.cite.iso19139.level1.ValidateInputTest">
        <test-method description="This function validates XML file Path" duration-ms="2" finished-at="2015-05-07T01:16:13Z" name="validateXMLPath" signature="validateXMLPath(org.testng.ITestContext)[pri:0, instance:org.opengis.cite.iso19139.level1.ValidateInputTest@904eb3c]" started-at="2015-05-07T01:16:13Z" status="PASS">
          <params>
            <param index="0">
              <value>
                org.testng.TestRunner@a4ae643
              </value>
            </param>
          </params>
          <reporter-output>
          </reporter-output>
        </test-method> <!-- validateXMLPath -->
        <test-method duration-ms="0" finished-at="2015-05-07T01:16:13Z" is-config="true" name="getSchemaURIsFromTestContext" signature="getSchemaURIsFromTestContext(org.testng.ITestContext)[pri:0, instance:org.opengis.cite.iso19139.level1.ValidateInputTest@904eb3c]" started-at="2015-05-07T01:16:13Z" status="PASS">
          <params>
            <param index="0">
              <value>
                org.testng.TestRunner@a4ae643
              </value>
            </param>
          </params>
          <reporter-output>
          </reporter-output>
        </test-method> <!-- getSchemaURIsFromTestContext -->
        <test-method duration-ms="0" finished-at="2015-05-07T01:16:13Z" is-config="true" name="obtainTestSubject" signature="obtainTestSubject(org.testng.ITestContext)[pri:0, instance:org.opengis.cite.iso19139.level1.ValidateInputTest@904eb3c]" started-at="2015-05-07T01:16:13Z" status="PASS">
          <params>
            <param index="0">
              <value>
                org.testng.TestRunner@a4ae643
              </value>
            </param>
          </params>
          <reporter-output>
          </reporter-output>
        </test-method> <!-- obtainTestSubject -->
        <test-method depends-on-methods="org.opengis.cite.iso19139.level1.ValidateInputTest.validateXMLPath" description="This function validates XML file" duration-ms="0" finished-at="2015-05-07T01:16:13Z" name="validateXMLFile" signature="validateXMLFile(org.testng.ITestContext)[pri:0, instance:org.opengis.cite.iso19139.level1.ValidateInputTest@904eb3c]" started-at="2015-05-07T01:16:13Z" status="PASS">
          <params>
            <param index="0">
              <value>
                org.testng.TestRunner@a4ae643
              </value>
            </param>
          </params>
          <reporter-output>
          </reporter-output>
        </test-method> <!-- validateXMLFile -->
      </class> <!-- org.opengis.cite.iso19139.level1.ValidateInputTest -->
      <class name="org.opengis.cite.iso19139.level1.Capability1Tests">
        <test-method duration-ms="0" finished-at="2015-05-07T01:16:13Z" is-config="true" name="getSchemaURIsFromTestContext" signature="getSchemaURIsFromTestContext(org.testng.ITestContext)[pri:0, instance:org.opengis.cite.iso19139.level1.Capability1Tests@77306056]" started-at="2015-05-07T01:16:13Z" status="PASS">
          <params>
            <param index="0">
              <value>
                org.testng.TestRunner@a4ae643
              </value>
            </param>
          </params>
          <reporter-output>
          </reporter-output>
        </test-method> <!-- getSchemaURIsFromTestContext -->
        <test-method duration-ms="0" finished-at="2015-05-07T01:16:13Z" is-config="true" name="obtainTestSubject" signature="obtainTestSubject(org.testng.ITestContext)[pri:0, instance:org.opengis.cite.iso19139.level1.Capability1Tests@77306056]" started-at="2015-05-07T01:16:13Z" status="PASS">
          <params>
            <param index="0">
              <value>
                org.testng.TestRunner@a4ae643
              </value>
            </param>
          </params>
          <reporter-output>
          </reporter-output>
        </test-method> <!-- obtainTestSubject -->
        <test-method depends-on-groups="inputvalidation.*" description="Perform validation of XML against XSD" duration-ms="190" finished-at="2015-05-07T01:16:13Z" name="validateXMLAgainstXSD" signature="validateXMLAgainstXSD(org.testng.ITestContext)[pri:0, instance:org.opengis.cite.iso19139.level1.Capability1Tests@77306056]" started-at="2015-05-07T01:16:13Z" status="PASS">
          <params>
            <param index="0">
              <value>
                org.testng.TestRunner@a4ae643
              </value>
            </param>
          </params>
          <reporter-output>
          </reporter-output>
        </test-method> <!-- validateXMLAgainstXSD -->
      </class> <!-- org.opengis.cite.iso19139.level1.Capability1Tests -->
    </test> <!-- Conformance Level 1 -->
    <test duration-ms="1604" finished-at="2015-05-07T01:16:15Z" name="Conformance Level 2" started-at="2015-05-07T01:16:13Z">
      <class name="org.opengis.cite.iso19139.level2.Capability2Tests">
        <test-method duration-ms="1" finished-at="2015-05-07T01:16:13Z" is-config="true" name="createSchematronValidator" signature="createSchematronValidator(org.testng.ITestContext)[pri:0, instance:org.opengis.cite.iso19139.level2.Capability2Tests@3b8e056b]" started-at="2015-05-07T01:16:13Z" status="PASS">
          <params>
            <param index="0">
              <value>
                org.testng.TestRunner@31ddecd2
              </value>
            </param>
          </params>
          <reporter-output>
          </reporter-output>
        </test-method> <!-- createSchematronValidator -->
        <test-method duration-ms="0" finished-at="2015-05-07T01:16:13Z" is-config="true" name="validateConfromanceLevelTwoEnabled" signature="validateConfromanceLevelTwoEnabled(org.testng.ITestContext)[pri:0, instance:org.opengis.cite.iso19139.level2.Capability2Tests@3b8e056b]" started-at="2015-05-07T01:16:13Z" status="PASS">
          <params>
            <param index="0">
              <value>
                org.testng.TestRunner@31ddecd2
              </value>
            </param>
          </params>
          <reporter-output>
          </reporter-output>
        </test-method> <!-- validateConfromanceLevelTwoEnabled -->
        <test-method description="Implements ATC 2-1" duration-ms="148" finished-at="2015-05-07T01:16:13Z" name="validateXMLAgainstSchematronForNullReason" signature="validateXMLAgainstSchematronForNullReason(org.testng.ITestContext)[pri:0, instance:org.opengis.cite.iso19139.level2.Capability2Tests@3b8e056b]" started-at="2015-05-07T01:16:13Z" status="PASS">
          <params>
            <param index="0">
              <value>
                org.testng.TestRunner@31ddecd2
              </value>
            </param>
          </params>
          <reporter-output>
          </reporter-output>
        </test-method> <!-- validateXMLAgainstSchematronForNullReason -->
        <test-method duration-ms="0" finished-at="2015-05-07T01:16:13Z" is-config="true" name="obtainTestSubject" signature="obtainTestSubject(org.testng.ITestContext)[pri:0, instance:org.opengis.cite.iso19139.level2.Capability2Tests@3b8e056b]" started-at="2015-05-07T01:16:13Z" status="PASS">
          <params>
            <param index="0">
              <value>
                org.testng.TestRunner@31ddecd2
              </value>
            </param>
          </params>
          <reporter-output>
          </reporter-output>
        </test-method> <!-- obtainTestSubject -->
        <test-method depends-on-methods="org.opengis.cite.iso19139.level2.Capability2Tests.validateXMLAgainstSchematronForNullReason" description="TableA1-Rule1-MD_Metadata=Rule 1 of Table A.1 ISO 19139,-language: documented if not defined by the encoding standard.,-characterSet: documented if ISO/IEC 10646 not used and not defined by the encoding standard." duration-ms="172" finished-at="2015-05-07T01:16:13Z" name="checkEncodingStandard" signature="checkEncodingStandard(org.testng.ITestContext)[pri:0, instance:org.opengis.cite.iso19139.level2.Capability2Tests@3b8e056b]" started-at="2015-05-07T01:16:13Z" status="PASS">
          <params>
            <param index="0">
              <value>
                org.testng.TestRunner@31ddecd2
              </value>
            </param>
          </params>
          <reporter-output>
          </reporter-output>
        </test-method> <!-- checkEncodingStandard -->
        <test-method depends-on-methods="org.opengis.cite.iso19139.level2.Capability2Tests.checkEncodingStandard" description="TableA1-Rule2-MD_DataIdentification=Rule 2 of Table A.1 ISO 19139,-characterSet: documented if ISO/IEC 10646 is not used.,-MD_Metadata.hierarchyLevel = &#34;dataset&#34; implies count(extent.geographicElement.EX_GeographicBoundingBox) + count(extent.geographicElement.EX_GeographicDescription) &gt;=1.,-MD_Metadata.hierarchyLevel notEqual &#34;dataset&#34; implies topicCategory is not mandatory." duration-ms="210" finished-at="2015-05-07T01:16:14Z" name="checkDataIdentification" signature="checkDataIdentification(org.testng.ITestContext)[pri:0, instance:org.opengis.cite.iso19139.level2.Capability2Tests@3b8e056b]" started-at="2015-05-07T01:16:13Z" status="PASS">
          <params>
            <param index="0">
              <value>
                org.testng.TestRunner@31ddecd2
              </value>
            </param>
          </params>
          <reporter-output>
          </reporter-output>
        </test-method> <!-- checkDataIdentification -->
        <test-method depends-on-methods="org.opengis.cite.iso19139.level2.Capability2Tests.checkDataIdentification" description="TableA1-Rule3-MD_AggregateInformation=Rule 3 of Table A.1 ISO 19139,-Either &#34;aggregateDataSetName&#34; or &#34;aggregateDataSetIdentifier&#34; must be documented." duration-ms="210" finished-at="2015-05-07T01:16:14Z" name="checkAggregateInformation" signature="checkAggregateInformation(org.testng.ITestContext)[pri:0, instance:org.opengis.cite.iso19139.level2.Capability2Tests@3b8e056b]" started-at="2015-05-07T01:16:14Z" status="PASS">
          <params>
            <param index="0">
              <value>
                org.testng.TestRunner@31ddecd2
              </value>
            </param>
          </params>
          <reporter-output>
          </reporter-output>
        </test-method> <!-- checkAggregateInformation -->
        <test-method depends-on-methods="org.opengis.cite.iso19139.level2.Capability2Tests.checkAggregateInformation" description="TableA1-Rule4-MD_LegalConstraints=Rule 4 of Table A.1 ISO 19139,-otherConstraints: documented if accessConstraints or useConstraints = &#34;otherRestrictions&#34;." duration-ms="152" finished-at="2015-05-07T01:16:14Z" name="checkLegalConstraints" signature="checkLegalConstraints(org.testng.ITestContext)[pri:0, instance:org.opengis.cite.iso19139.level2.Capability2Tests@3b8e056b]" started-at="2015-05-07T01:16:14Z" status="PASS">
          <params>
            <param index="0">
              <value>
                org.testng.TestRunner@31ddecd2
              </value>
            </param>
          </params>
          <reporter-output>
          </reporter-output>
        </test-method> <!-- checkLegalConstraints -->
        <test-method depends-on-methods="org.opengis.cite.iso19139.level2.Capability2Tests.checkLegalConstraints" description="TableA1-Rule6-DQ_Scope=Rule 6 of Table A.1 ISO 19139,-&#34; levelDescription&#34; is mandatory if &#34;level&#34; notEqual 'dataset' or 'series'." duration-ms="129" finished-at="2015-05-07T01:16:14Z" name="checkScopeOfXmlFile" signature="checkScopeOfXmlFile(org.testng.ITestContext)[pri:0, instance:org.opengis.cite.iso19139.level2.Capability2Tests@3b8e056b]" started-at="2015-05-07T01:16:14Z" status="PASS">
          <params>
            <param index="0">
              <value>
                org.testng.TestRunner@31ddecd2
              </value>
            </param>
          </params>
          <reporter-output>
          </reporter-output>
        </test-method> <!-- checkScopeOfXmlFile -->
        <test-method depends-on-methods="org.opengis.cite.iso19139.level2.Capability2Tests.checkScopeOfXmlFile" description="TableA1-Rule9-MD_Georectified=Rule 9 of Table A.1 ISO 19139,-&#34;checkPointDescription&#34; is mandatory if &#34;checkPointAvailability&#34; = 1." duration-ms="90" finished-at="2015-05-07T01:16:14Z" name="checkGeorectified" signature="checkGeorectified(org.testng.ITestContext)[pri:0, instance:org.opengis.cite.iso19139.level2.Capability2Tests@3b8e056b]" started-at="2015-05-07T01:16:14Z" status="PASS">
          <params>
            <param index="0">
              <value>
                org.testng.TestRunner@31ddecd2
              </value>
            </param>
          </params>
          <reporter-output>
          </reporter-output>
        </test-method> <!-- checkGeorectified -->
        <test-method depends-on-methods="org.opengis.cite.iso19139.level2.Capability2Tests.checkGeorectified" description="TableA1-Rule10-MD_Band=Rule 10 of Table A.1 ISO 19139,-&#34;units&#34; is mandatory if &#34;maxValue&#34; or &#34;minValue&#34; are provided." duration-ms="98" finished-at="2015-05-07T01:16:14Z" name="checkBandValueOfXml" signature="checkBandValueOfXml(org.testng.ITestContext)[pri:0, instance:org.opengis.cite.iso19139.level2.Capability2Tests@3b8e056b]" started-at="2015-05-07T01:16:14Z" status="PASS">
          <params>
            <param index="0">
              <value>
                org.testng.TestRunner@31ddecd2
              </value>
            </param>
          </params>
          <reporter-output>
          </reporter-output>
        </test-method> <!-- checkBandValueOfXml -->
        <test-method depends-on-methods="org.opengis.cite.iso19139.level2.Capability2Tests.checkBandValueOfXml" description="TableA1-Rule11-MD_Medium=Rule 11 of Table A.1 ISO 19139,-&#34;densityUnits&#34; is mandatory if &#34;density&#34; is provided." duration-ms="79" finished-at="2015-05-07T01:16:14Z" name="checkMediumOfXml" signature="checkMediumOfXml(org.testng.ITestContext)[pri:0, instance:org.opengis.cite.iso19139.level2.Capability2Tests@3b8e056b]" started-at="2015-05-07T01:16:14Z" status="PASS">
          <params>
            <param index="0">
              <value>
                org.testng.TestRunner@31ddecd2
              </value>
            </param>
          </params>
          <reporter-output>
          </reporter-output>
        </test-method> <!-- checkMediumOfXml -->
        <test-method depends-on-methods="org.opengis.cite.iso19139.level2.Capability2Tests.checkMediumOfXml" description="TableA1-Rule13-MD_ExtendedElementInformation=Rule 13 of Table A.1 ISO 19139,-if &#34;dataType&#34; notEqual 'codelist'; 'enumeration' or 'codelistElement' then &#34;obligation&#34;; &#34;maximumOccurence&#34; and &#34;domainValue&#34; are mandatory.,-if &#34;obligation&#34; = 'conditional' then &#34;condition&#34; is mandatory.,-if &#34;dataType&#34; = 'codelistElement' then &#34;domainCode&#34; is mandatory.,-if &#34;dataType&#34; notEqual 'codelistElement' then &#34;shortName&#34; is mandatory." duration-ms="113" finished-at="2015-05-07T01:16:15Z" name="checkExtendedElementInformation" signature="checkExtendedElementInformation(org.testng.ITestContext)[pri:0, instance:org.opengis.cite.iso19139.level2.Capability2Tests@3b8e056b]" started-at="2015-05-07T01:16:14Z" status="PASS">
          <params>
            <param index="0">
              <value>
                org.testng.TestRunner@31ddecd2
              </value>
            </param>
          </params>
          <reporter-output>
          </reporter-output>
        </test-method> <!-- checkExtendedElementInformation -->
        <test-method depends-on-methods="org.opengis.cite.iso19139.level2.Capability2Tests.checkExtendedElementInformation" description="TableA1-Rule14-EX_Extent=Rule 14 of Table A.1 ISO 19139,-count(description + geographicElement + temporalElement + verticalElement) &gt;0&#34;)." duration-ms="94" finished-at="2015-05-07T01:16:15Z" name="checkExtentValueOfXml" signature="checkExtentValueOfXml(org.testng.ITestContext)[pri:0, instance:org.opengis.cite.iso19139.level2.Capability2Tests@3b8e056b]" started-at="2015-05-07T01:16:15Z" status="PASS">
          <params>
            <param index="0">
              <value>
                org.testng.TestRunner@31ddecd2
              </value>
            </param>
          </params>
          <reporter-output>
          </reporter-output>
        </test-method> <!-- checkExtentValueOfXml -->
        <test-method depends-on-methods="org.opengis.cite.iso19139.level2.Capability2Tests.checkExtentValueOfXml" description="TableA1-Rule15-CI_ResponsibleParty=Rule 15 of Table A.1 ISO 19139,-count of (individualName + organisationName + positionName) &gt; 0&#34;)." duration-ms="105" finished-at="2015-05-07T01:16:15Z" name="checkResponsiblePartyOfXml" signature="checkResponsiblePartyOfXml(org.testng.ITestContext)[pri:0, instance:org.opengis.cite.iso19139.level2.Capability2Tests@3b8e056b]" started-at="2015-05-07T01:16:15Z" status="PASS">
          <params>
            <param index="0">
              <value>
                org.testng.TestRunner@31ddecd2
              </value>
            </param>
          </params>
          <reporter-output>
          </reporter-output>
        </test-method> <!-- checkResponsiblePartyOfXml -->
      </class> <!-- org.opengis.cite.iso19139.level2.Capability2Tests -->
    </test> <!-- Conformance Level 2 -->
    <test duration-ms="137" finished-at="2015-05-07T01:16:15Z" name="Conformance Level 3" started-at="2015-05-07T01:16:15Z">
      <class name="org.opengis.cite.iso19139.level3.Capability3Tests">
        <test-method description="Implements ATC 3" duration-ms="137" finished-at="2015-05-07T01:16:15Z" name="validateXmlAgainstUserDefinedSchematron" signature="validateXmlAgainstUserDefinedSchematron(org.testng.ITestContext)[pri:0, instance:org.opengis.cite.iso19139.level3.Capability3Tests@f03a630]" started-at="2015-05-07T01:16:15Z" status="PASS">
          <params>
            <param index="0">
              <value>
                org.testng.TestRunner@55805803
              </value>
            </param>
          </params>
          <reporter-output>
          </reporter-output>
        </test-method> <!-- validateXmlAgainstUserDefinedSchematron -->
        <test-method duration-ms="0" finished-at="2015-05-07T01:16:15Z" is-config="true" name="obtainTestSubject" signature="obtainTestSubject(org.testng.ITestContext)[pri:0, instance:org.opengis.cite.iso19139.level3.Capability3Tests@f03a630]" started-at="2015-05-07T01:16:15Z" status="PASS">
          <params>
            <param index="0">
              <value>
                org.testng.TestRunner@55805803
              </value>
            </param>
          </params>
          <reporter-output>
          </reporter-output>
        </test-method> <!-- obtainTestSubject -->
        <test-method duration-ms="0" finished-at="2015-05-07T01:16:15Z" is-config="true" name="createSchematronValidator" signature="createSchematronValidator(org.testng.ITestContext)[pri:0, instance:org.opengis.cite.iso19139.level3.Capability3Tests@f03a630]" started-at="2015-05-07T01:16:15Z" status="PASS">
          <params>
            <param index="0">
              <value>
                org.testng.TestRunner@55805803
              </value>
            </param>
          </params>
          <reporter-output>
          </reporter-output>
        </test-method> <!-- createSchematronValidator -->
        <test-method duration-ms="0" finished-at="2015-05-07T01:16:15Z" is-config="true" name="validateConfromanceLevelThreeEnabled" signature="validateConfromanceLevelThreeEnabled(org.testng.ITestContext)[pri:0, instance:org.opengis.cite.iso19139.level3.Capability3Tests@f03a630]" started-at="2015-05-07T01:16:15Z" status="PASS">
          <params>
            <param index="0">
              <value>
                org.testng.TestRunner@55805803
              </value>
            </param>
          </params>
          <reporter-output>
          </reporter-output>
        </test-method> <!-- validateConfromanceLevelThreeEnabled -->
      </class> <!-- org.opengis.cite.iso19139.level3.Capability3Tests -->
    </test> <!-- Conformance Level 3 -->
  </suite> <!-- iso19139-1.0 -->
</testng-results>