<?xml version="1.0" encoding="UTF-8"?>
<gmd:MD_Metadata xmlns:gmi="http://www.isotc211.org/2005/gmd" xmlns:csw="http://www.opengis.net/cat/csw/2.0.2" xmlns:gco="http://www.isotc211.org/2005/gco" xmlns:gmd="http://www.isotc211.org/2005/gmd" xmlns:gml="http://www.opengis.net/gml/3.2" xmlns:gmx="http://www.isotc211.org/2005/gmx" xmlns:gsr="http://www.isotc211.org/2005/gsr" xmlns:gss="http://www.isotc211.org/2005/gss" xmlns:gts="http://www.isotc211.org/2005/gts" xmlns:srv="http://www.isotc211.org/2005/srv" xmlns:xlink="http://www.w3.org/1999/xlink" xmlns:xs="http://www.w3.org/2001/XMLSchema" xmlns:xsi="http://www.w3.org/2001/XMLSchema-instance" xsi:schemaLocation="http://www.isotc211.org/2005/gmi http://www.ngdc.noaa.gov/metadata/published/xsd/schema.xsd">  <gmd:fileIdentifier>    <gco:CharacterString >tide_mhi</gco:CharacterString>  </gmd:fileIdentifier>  <gmd:language>    <gmd:languageCode gco:nilReason="missing">
    <gmd:LanguageCode codeList="#LanguageCode" codeListValue="en" />
</gmd:languageCode>  </gmd:language>  <gmd:characterSet></gmd:characterSet>  <gmd:hierarchyLevel>    <gmd:MD_ScopeCode codeList="http://www.ngdc.noaa.gov/metadata/published/xsd/schema/resources/Codelist/gmxCodelists.xml#gmd:MD_ScopeCode" codeListValue="dataset">dataset</gmd:MD_ScopeCode>  </gmd:hierarchyLevel>  <gmd:hierarchyLevel>    <gmd:MD_ScopeCode codeList="http://www.ngdc.noaa.gov/metadata/published/xsd/schema/resources/Codelist/gmxCodelists.xml#gmd:MD_ScopeCode" codeListValue="service">service</gmd:MD_ScopeCode>  </gmd:hierarchyLevel>  <gmd:contact>    <gmd:CI_ResponsibleParty>      <gmd:individualName>        <gco:CharacterString>Jim Potemra</gco:CharacterString>      </gmd:individualName>      <gmd:organisationName>        <gco:CharacterString>Pacific Islands Ocean Ocean Observing System (PacIOOS)</gco:CharacterString>      </gmd:organisationName>      <gmd:contactInfo>        <gmd:CI_Contact>          <gmd:phone>            <gmd:CI_Telephone>              <gmd:voice>                <gco:CharacterString>808-956-2737</gco:CharacterString>              </gmd:voice>            </gmd:CI_Telephone>          </gmd:phone>          <gmd:address>            <gmd:CI_Address>              <gmd:deliveryPoint>                <gco:CharacterString>1680 East West Road, POST-401</gco:CharacterString>              </gmd:deliveryPoint>              <gmd:city>                <gco:CharacterString>Honolulu</gco:CharacterString>              </gmd:city>              <gmd:administrativeArea>                <gco:CharacterString>HI</gco:CharacterString>              </gmd:administrativeArea>              <gmd:postalCode>                <gco:CharacterString>96822</gco:CharacterString>              </gmd:postalCode>              <gmd:country>                <gco:CharacterString>USA</gco:CharacterString>              </gmd:country>              <gmd:electronicMailAddress>                <gco:CharacterString>jimp@hawaii.edu</gco:CharacterString>              </gmd:electronicMailAddress>            </gmd:CI_Address>          </gmd:address>        </gmd:CI_Contact>      </gmd:contactInfo>      <gmd:role>        <gmd:CI_RoleCode codeList="http://www.ngdc.noaa.gov/metadata/published/xsd/schema/resources/Codelist/gmxCodelists.xml#gmd:CI_RoleCode" codeListValue="pointOfContact">pointOfContact</gmd:CI_RoleCode>      </gmd:role>    </gmd:CI_ResponsibleParty>  </gmd:contact>  <gmd:dateStamp>    <gco:Date>20131114Z</gco:Date>  </gmd:dateStamp>  <gmd:metadataStandardName>    <gco:CharacterString>ISO 19115-2 Geographic Information - Metadata Part 2 Extensions for Imagery and Gridded Data</gco:CharacterString>  </gmd:metadataStandardName>  <gmd:metadataStandardVersion>    <gco:CharacterString>ISO 19115-2:2009(E)</gco:CharacterString>  </gmd:metadataStandardVersion>  <gmd:spatialRepresentationInfo>    <gmd:MD_GridSpatialRepresentation>      <gmd:numberOfDimensions>        <gco:Integer>4</gco:Integer>      </gmd:numberOfDimensions>      <gmd:axisDimensionProperties>        <gmd:MD_Dimension>          <gmd:dimensionName>            <gmd:MD_DimensionNameTypeCode codeList="http://www.ngdc.noaa.gov/metadata/published/xsd/schema/resources/Codelist/gmxCodelists.xml#gmd:MD_DimensionNameTypeCode" codeListValue="column">column</gmd:MD_DimensionNameTypeCode>          </gmd:dimensionName>          <gmd:dimensionSize>            <gco:Integer>521</gco:Integer>          </gmd:dimensionSize>          <gmd:resolution>            <gco:Measure uom="deg{east}">0.009999999999999978</gco:Measure>          </gmd:resolution>        </gmd:MD_Dimension>      </gmd:axisDimensionProperties>      <gmd:axisDimensionProperties>        <gmd:MD_Dimension>          <gmd:dimensionName>            <gmd:MD_DimensionNameTypeCode codeList="http://www.ngdc.noaa.gov/metadata/published/xsd/schema/resources/Codelist/gmxCodelists.xml#gmd:MD_DimensionNameTypeCode" codeListValue="row">row</gmd:MD_DimensionNameTypeCode>          </gmd:dimensionName>          <gmd:dimensionSize>            <gco:Integer>242</gco:Integer>          </gmd:dimensionSize>          <gmd:resolution>            <gco:Measure uom="deg{north}">0.01</gco:Measure>          </gmd:resolution>        </gmd:MD_Dimension>      </gmd:axisDimensionProperties>      <gmd:axisDimensionProperties>        <gmd:MD_Dimension id="depth_percent">          <gmd:dimensionName>            <gmd:MD_DimensionNameTypeCode codeList="http://www.ngdc.noaa.gov/metadata/published/xsd/schema/resources/Codelist/gmxCodelists.xml#gmd:MD_DimensionNameTypeCode" codeListValue="unknown">unknown</gmd:MD_DimensionNameTypeCode>          </gmd:dimensionName>          <gmd:dimensionSize>            <gco:Integer>3</gco:Integer>          </gmd:dimensionSize>          <gmd:resolution>            <gco:Measure uom="%">50.0</gco:Measure>          </gmd:resolution>        </gmd:MD_Dimension>      </gmd:axisDimensionProperties>      <gmd:axisDimensionProperties>        <gmd:MD_Dimension>          <gmd:dimensionName>            <gmd:MD_DimensionNameTypeCode codeList="http://www.ngdc.noaa.gov/metadata/published/xsd/schema/resources/Codelist/gmxCodelists.xml#gmd:MD_DimensionNameTypeCode" codeListValue="temporal">temporal</gmd:MD_DimensionNameTypeCode>          </gmd:dimensionName>          <gmd:dimensionSize>            <gco:Integer>52608</gco:Integer>          </gmd:dimensionSize>          <gmd:resolution>            <gco:Measure uom="s">3600.0</gco:Measure>          </gmd:resolution>        </gmd:MD_Dimension>      </gmd:axisDimensionProperties>      <gmd:cellGeometry>        <gmd:MD_CellGeometryCode codeList="http://www.ngdc.noaa.gov/metadata/published/xsd/schema/resources/Codelist/gmxCodelists.xml#gmd:MD_CellGeometryCode" codeListValue="area">area</gmd:MD_CellGeometryCode>      </gmd:cellGeometry>      <gmd:transformationParameterAvailability gco:nilReason="unknown"/>    </gmd:MD_GridSpatialRepresentation>  </gmd:spatialRepresentationInfo>  <gmd:identificationInfo>    <gmd:MD_DataIdentification id="DataIdentification">      <gmd:citation>        <gmd:CI_Citation>          <gmd:title>                 </gmd:title>          <gmd:date>            <gmd:CI_Date>              <gmd:date>                <gco:Date>2010-11-10Z</gco:Date>              </gmd:date>              <gmd:dateType>                <gmd:CI_DateTypeCode codeList="http://www.ngdc.noaa.gov/metadata/published/xsd/schema/resources/Codelist/gmxCodelists.xml#gmd:CI_DateTypeCode" codeListValue="creation">creation</gmd:CI_DateTypeCode>              </gmd:dateType>            </gmd:CI_Date>          </gmd:date>          <gmd:date>            <gmd:CI_Date>              <gmd:date>                <gco:Date>2010-11-10Z</gco:Date>              </gmd:date>              <gmd:dateType>                <gmd:CI_DateTypeCode codeList="http://www.ngdc.noaa.gov/metadata/published/xsd/schema/resources/Codelist/gmxCodelists.xml#gmd:CI_DateTypeCode" codeListValue="issued">issued</gmd:CI_DateTypeCode>              </gmd:dateType>            </gmd:CI_Date>          </gmd:date>          <gmd:identifier>            <gmd:MD_Identifier>              <gmd:authority>                <gmd:CI_Citation>                  <gmd:title>                    <gco:CharacterString>oos.soest.hawaii.edu</gco:CharacterString>                  </gmd:title>                  <gmd:date gco:nilReason="inapplicable"/>                </gmd:CI_Citation>              </gmd:authority>              <gmd:code>                <gco:CharacterString>tide_mhi</gco:CharacterString>              </gmd:code>            </gmd:MD_Identifier>          </gmd:identifier>          <gmd:citedResponsibleParty>            <gmd:CI_ResponsibleParty>              <gmd:individualName>                <gco:CharacterString>Glenn Carter</gco:CharacterString>              </gmd:individualName>              <gmd:organisationName>                <gco:CharacterString>University of Hawaii</gco:CharacterString>              </gmd:organisationName>              <gmd:contactInfo>                <gmd:CI_Contact>                  <gmd:address>                    <gmd:CI_Address>                      <gmd:electronicMailAddress>                        <gco:CharacterString>gscarter@hawaii.edu</gco:CharacterString>                      </gmd:electronicMailAddress>                    </gmd:CI_Address>                  </gmd:address>                  <gmd:onlineResource>                    <gmd:CI_OnlineResource>                      <gmd:linkage>                        <gmd:URL>http://apdrc.soest.hawaii.edu/doc/carteretal_revised_pp.pdf</gmd:URL>                      </gmd:linkage>                      <gmd:protocol>                        <gco:CharacterString>http</gco:CharacterString>                      </gmd:protocol>                      <gmd:applicationProfile>                        <gco:CharacterString>web browser</gco:CharacterString>                      </gmd:applicationProfile>                      <gmd:name>                        <gco:CharacterString>Background Information</gco:CharacterString>                      </gmd:name>                      <gmd:description>                        <gco:CharacterString/>                      </gmd:description>                      <gmd:function>                        <gmd:CI_OnLineFunctionCode codeList="http://www.ngdc.noaa.gov/metadata/published/xsd/schema/resources/Codelist/gmxCodelists.xml#gmd:CI_OnLineFunctionCode" codeListValue="information">information</gmd:CI_OnLineFunctionCode>                      </gmd:function>                    </gmd:CI_OnlineResource>                  </gmd:onlineResource>                </gmd:CI_Contact>              </gmd:contactInfo>              <gmd:role>                <gmd:CI_RoleCode codeList="http://www.ngdc.noaa.gov/metadata/published/xsd/schema/resources/Codelist/gmxCodelists.xml#gmd:CI_RoleCode" codeListValue="originator">originator</gmd:CI_RoleCode>              </gmd:role>            </gmd:CI_ResponsibleParty>          </gmd:citedResponsibleParty>          <gmd:citedResponsibleParty>            <gmd:CI_ResponsibleParty>              <gmd:individualName gco:nilReason="missing"/>              <gmd:organisationName>                <gco:CharacterString>Jim Potemra</gco:CharacterString>              </gmd:organisationName>              <gmd:contactInfo gco:nilReason="missing"/>              <gmd:role>                <gmd:CI_RoleCode codeList="http://www.ngdc.noaa.gov/metadata/published/xsd/schema/resources/Codelist/gmxCodelists.xml#gmd:CI_RoleCode" codeListValue="contributor">contributor</gmd:CI_RoleCode>              </gmd:role>            </gmd:CI_ResponsibleParty>          </gmd:citedResponsibleParty>        </gmd:CI_Citation>      </gmd:citation>      <gmd:abstract>        <gco:CharacterString>Tide model for the Hawaiian Islands.  The model is based on climatological stratification, but 64 harmonics are used to model the full-depth baroclinic tides.  The model has been run at 1km resolution, hourly, through the end of 2013.  Due to computing limitations, the model grid is divided into two pieces, one for the Northwestern main Hawaiian Islands (Kauai, Oahu, Maui) and the other for the Big Island.  While considerable effort has been made to implement all model components in a thorough, correct, and accurate manner, numerous sources of error are possible. As such, please use this output with the caution appropriate for any ocean related activity.</gco:CharacterString>      </gmd:abstract>      <gmd:credit gco:nilReason="missing"/>      <gmd:pointOfContact>        <gmd:CI_ResponsibleParty>          <gmd:individualName>            <gco:CharacterString>Glenn Carter</gco:CharacterString>          </gmd:individualName>          <gmd:organisationName>            <gco:CharacterString>University of Hawaii</gco:CharacterString>          </gmd:organisationName>          <gmd:contactInfo>            <gmd:CI_Contact>              <gmd:address>                <gmd:CI_Address>                  <gmd:electronicMailAddress>                    <gco:CharacterString>gscarter@hawaii.edu</gco:CharacterString>                  </gmd:electronicMailAddress>                </gmd:CI_Address>              </gmd:address>              <gmd:onlineResource>                <gmd:CI_OnlineResource>                  <gmd:linkage>                    <gmd:URL>http://apdrc.soest.hawaii.edu/doc/carteretal_revised_pp.pdf</gmd:URL>                  </gmd:linkage>                  <gmd:protocol>                    <gco:CharacterString>http</gco:CharacterString>                  </gmd:protocol>                  <gmd:applicationProfile>                    <gco:CharacterString>web browser</gco:CharacterString>                  </gmd:applicationProfile>                  <gmd:name>                    <gco:CharacterString>Background Information</gco:CharacterString>                  </gmd:name>                  <gmd:description>                    <gco:CharacterString/>                  </gmd:description>                  <gmd:function>                    <gmd:CI_OnLineFunctionCode codeList="http://www.ngdc.noaa.gov/metadata/published/xsd/schema/resources/Codelist/gmxCodelists.xml#gmd:CI_OnLineFunctionCode" codeListValue="information">information</gmd:CI_OnLineFunctionCode>                  </gmd:function>                </gmd:CI_OnlineResource>              </gmd:onlineResource>            </gmd:CI_Contact>          </gmd:contactInfo>          <gmd:role>            <gmd:CI_RoleCode codeList="http://www.ngdc.noaa.gov/metadata/published/xsd/schema/resources/Codelist/gmxCodelists.xml#gmd:CI_RoleCode" codeListValue="pointOfContact">pointOfContact</gmd:CI_RoleCode>          </gmd:role>        </gmd:CI_ResponsibleParty>      </gmd:pointOfContact>      <gmd:descriptiveKeywords>        <gmd:MD_Keywords>          <gmd:keyword>            <gco:CharacterString>Oceans &gt; Sea Surface Topography &gt; Sea Surface Height</gco:CharacterString>          </gmd:keyword>          <gmd:keyword>            <gco:CharacterString>Oceans &gt; Ocean Circulation &gt; Ocean Currents</gco:CharacterString>          </gmd:keyword>          <gmd:type>            <gmd:MD_KeywordTypeCode codeList="http://www.ngdc.noaa.gov/metadata/published/xsd/schema/resources/Codelist/gmxCodelists.xml#gmd:MD_KeywordTypeCode" codeListValue="theme">theme</gmd:MD_KeywordTypeCode>          </gmd:type>          <gmd:thesaurusName>            <gmd:CI_Citation>              <gmd:title>                <gco:CharacterString>GCMD Science Keywords</gco:CharacterString>              </gmd:title>              <gmd:date gco:nilReason="unknown"/>            </gmd:CI_Citation>          </gmd:thesaurusName>        </gmd:MD_Keywords>      </gmd:descriptiveKeywords>      <gmd:descriptiveKeywords>        <gmd:MD_Keywords>          <gmd:keyword>            <gco:CharacterString>Pacific Islands Ocean Observing System (PacIOOS) (http://pacioos.org)</gco:CharacterString>          </gmd:keyword>          <gmd:type>            <gmd:MD_KeywordTypeCode codeList="http://www.ngdc.noaa.gov/metadata/published/xsd/schema/resources/Codelist/gmxCodelists.xml#gmd:MD_KeywordTypeCode" codeListValue="project">project</gmd:MD_KeywordTypeCode>          </gmd:type>          <gmd:thesaurusName gco:nilReason="unknown"/>        </gmd:MD_Keywords>      </gmd:descriptiveKeywords>      <gmd:descriptiveKeywords>        <gmd:MD_Keywords>          <gmd:keyword>            <gco:CharacterString>time</gco:CharacterString>          </gmd:keyword>          <gmd:keyword>            <gco:CharacterString>latitude</gco:CharacterString>          </gmd:keyword>          <gmd:keyword>            <gco:CharacterString>longitude</gco:CharacterString>          </gmd:keyword>          <gmd:keyword>            <gco:CharacterString>eastward_sea_water_velocity</gco:CharacterString>          </gmd:keyword>          <gmd:keyword>            <gco:CharacterString>northward_sea_water_velocity</gco:CharacterString>          </gmd:keyword>          <gmd:type>            <gmd:MD_KeywordTypeCode codeList="http://www.ngdc.noaa.gov/metadata/published/xsd/schema/resources/Codelist/gmxCodelists.xml#gmd:MD_KeywordTypeCode" codeListValue="theme">theme</gmd:MD_KeywordTypeCode>          </gmd:type>          <gmd:thesaurusName>            <gmd:CI_Citation>              <gmd:title>                <gco:CharacterString>CF-1.4</gco:CharacterString>              </gmd:title>              <gmd:date gco:nilReason="unknown"/>            </gmd:CI_Citation>          </gmd:thesaurusName>        </gmd:MD_Keywords>      </gmd:descriptiveKeywords>      <gmd:resourceConstraints>        <gmd:MD_LegalConstraints>          <gmd:useLimitation>            <gco:CharacterString>The data may be used and redistributed for free but is not intended for legal use, since it may contain inaccuracies. Neither the data Contributor, University of Hawaii, PacIOOS, NOAA, State of Hawaii nor the United States Government, nor any of their employees or contractors, makes any warranty, express or implied, including warranties of merchantability and fitness for a particular purpose, or assumes any legal liability for the accuracy, completeness, or usefulness, of this information.</gco:CharacterString>          </gmd:useLimitation>        </gmd:MD_LegalConstraints>      </gmd:resourceConstraints>      <gmd:aggregationInfo>        <gmd:MD_AggregateInformation>       <gmd:associationType>            <gmd:DS_AssociationTypeCode codeList="http://www.ngdc.noaa.gov/metadata/published/xsd/schema/resources/Codelist/gmxCodelists.xml#gmd:DS_AssociationTypeCode" codeListValue="largerWorkCitation">largerWorkCitation</gmd:DS_AssociationTypeCode>          </gmd:associationType>          <gmd:initiativeType>            <gmd:DS_InitiativeTypeCode codeList="http://www.ngdc.noaa.gov/metadata/published/xsd/schema/resources/Codelist/gmxCodelists.xml#gmd:DS_InitiativeTypeCode" codeListValue="project">project</gmd:DS_InitiativeTypeCode>          </gmd:initiativeType>        </gmd:MD_AggregateInformation>      </gmd:aggregationInfo>      <gmd:aggregationInfo>        <gmd:MD_AggregateInformation>          <gmd:aggregateDataSetIdentif>            <gmd:MD_Identifier>              <gmd:authority>                <gmd:CI_Citation>                  <gmd:title>                    <gco:CharacterString>Unidata Common Data Model</gco:CharacterString>                  </gmd:title>                  <gmd:date gco:nilReason="inapplicable"/>                </gmd:CI_Citation>              </gmd:authority>              <gmd:code>                <gco:CharacterString>Grid</gco:CharacterString>              </gmd:code>            </gmd:MD_Identifier>          </gmd:aggregateDataSetIdentif>          <gmd:associationType>            <gmd:DS_AssociationTypeCode codeList="http://www.ngdc.noaa.gov/metadata/published/xsd/schema/resources/Codelist/gmxCodelists.xml#gmd:DS_AssociationTypeCode" codeListValue="largerWorkCitation">largerWorkCitation</gmd:DS_AssociationTypeCode>          </gmd:associationType>          <gmd:initiativeType>            <gmd:DS_InitiativeTypeCode codeList="http://www.ngdc.noaa.gov/metadata/published/xsd/schema/resources/Codelist/gmxCodelists.xml#gmd:DS_InitiativeTypeCode" codeListValue="project">project</gmd:DS_InitiativeTypeCode>          </gmd:initiativeType>        </gmd:MD_AggregateInformation>      </gmd:aggregationInfo>      <gmd:language>        <gco:CharacterString>en</gco:CharacterString>      </gmd:language>      <gmd:topicCategory>        <gmd:MD_TopicCategoryCode>geoscientificInformation</gmd:MD_TopicCategoryCode>      </gmd:topicCategory>      <gmd:extent>        <gmd:EX_Extent id="boundingExtent">          <gmd:geographicElement>            <gmd:EX_GeographicBoundingBox id="boundingGeographicBoundingBox">              <gmd:extentTypeCode>                <gco:Boolean>1</gco:Boolean>              </gmd:extentTypeCode>              <gmd:westBoundLongitude>                <gco:Decimal>-160.69</gco:Decimal>              </gmd:westBoundLongitude>              <gmd:eastBoundLongitude>                <gco:Decimal>-155.49</gco:Decimal>              </gmd:eastBoundLongitude>              <gmd:southBoundLatitude>                <gco:Decimal>20.48</gco:Decimal>              </gmd:southBoundLatitude>              <gmd:northBoundLatitude>                <gco:Decimal>22.89</gco:Decimal>              </gmd:northBoundLatitude>            </gmd:EX_GeographicBoundingBox>          </gmd:geographicElement>          <gmd:temporalElement>            <gmd:EX_TemporalExtent id="boundingTemporalExtent">              <gmd:extent>                <gml:TimePeriod gml:id="DI_gmdExtent_timePeriod_id">                  <gml:description>seconds</gml:description>                  <gml:beginPosition>2008-01-01T00:00:00Z</gml:beginPosition>                  <gml:endPosition>2013-12-31T23:00:00Z</gml:endPosition>                </gml:TimePeriod>              </gmd:extent>            </gmd:EX_TemporalExtent>          </gmd:temporalElement>        </gmd:EX_Extent>      </gmd:extent>    </gmd:MD_DataIdentification>  </gmd:identificationInfo>  <gmd:identificationInfo>    <srv:SV_ServiceIdentification id="OPeNDAP">      <gmd:citation>        <gmd:CI_Citation>          <gmd:title>            <gco:CharacterString>Tide Model for the Hawaiian Islands: Main NW Islands: Tidal Velocity</gco:CharacterString>          </gmd:title>          <gmd:date>            <gmd:CI_Date>              <gmd:date>                <gco:Date>2010-11-10Z</gco:Date>              </gmd:date>              <gmd:dateType>                <gmd:CI_DateTypeCode codeList="http://www.ngdc.noaa.gov/metadata/published/xsd/schema/resources/Codelist/gmxCodelists.xml#gmd:CI_DateTypeCode" codeListValue="creation">creation</gmd:CI_DateTypeCode>              </gmd:dateType>            </gmd:CI_Date>          </gmd:date>          <gmd:date>            <gmd:CI_Date>              <gmd:date>                <gco:Date>2010-11-10Z</gco:Date>              </gmd:date>              <gmd:dateType>                <gmd:CI_DateTypeCode codeList="http://www.ngdc.noaa.gov/metadata/published/xsd/schema/resources/Codelist/gmxCodelists.xml#gmd:CI_DateTypeCode" codeListValue="issued">issued</gmd:CI_DateTypeCode>              </gmd:dateType>            </gmd:CI_Date>          </gmd:date>          <gmd:citedResponsibleParty>            <gmd:CI_ResponsibleParty>              <gmd:individualName>                <gco:CharacterString>Glenn Carter</gco:CharacterString>              </gmd:individualName>              <gmd:organisationName>                <gco:CharacterString>University of Hawaii</gco:CharacterString>              </gmd:organisationName>              <gmd:contactInfo>                <gmd:CI_Contact>                  <gmd:address>                    <gmd:CI_Address>                      <gmd:electronicMailAddress>                        <gco:CharacterString>gscarter@hawaii.edu</gco:CharacterString>                      </gmd:electronicMailAddress>                    </gmd:CI_Address>                  </gmd:address>                  <gmd:onlineResource>                    <gmd:CI_OnlineResource>                      <gmd:linkage>                        <gmd:URL>http://apdrc.soest.hawaii.edu/doc/carteretal_revised_pp.pdf</gmd:URL>                      </gmd:linkage>                      <gmd:protocol>                        <gco:CharacterString>http</gco:CharacterString>                      </gmd:protocol>                      <gmd:applicationProfile>                        <gco:CharacterString>web browser</gco:CharacterString>                      </gmd:applicationProfile>                      <gmd:name>                        <gco:CharacterString>Background Information</gco:CharacterString>                      </gmd:name>                      <gmd:description>                        <gco:CharacterString/>                      </gmd:description>                      <gmd:function>                        <gmd:CI_OnLineFunctionCode codeList="http://www.ngdc.noaa.gov/metadata/published/xsd/schema/resources/Codelist/gmxCodelists.xml#gmd:CI_OnLineFunctionCode" codeListValue="information">information</gmd:CI_OnLineFunctionCode>                      </gmd:function>                    </gmd:CI_OnlineResource>                  </gmd:onlineResource>                </gmd:CI_Contact>              </gmd:contactInfo>              <gmd:role>                <gmd:CI_RoleCode codeList="http://www.ngdc.noaa.gov/metadata/published/xsd/schema/resources/Codelist/gmxCodelists.xml#gmd:CI_RoleCode" codeListValue="originator">originator</gmd:CI_RoleCode>              </gmd:role>            </gmd:CI_ResponsibleParty>          </gmd:citedResponsibleParty>          <gmd:citedResponsibleParty>            <gmd:CI_ResponsibleParty>              <gmd:individualName gco:nilReason="missing"/>              <gmd:organisationName>                <gco:CharacterString>Jim Potemra</gco:CharacterString>              </gmd:organisationName>              <gmd:contactInfo gco:nilReason="missing"/>              <gmd:role>                <gmd:CI_RoleCode codeList="http://www.ngdc.noaa.gov/metadata/published/xsd/schema/resources/Codelist/gmxCodelists.xml#gmd:CI_RoleCode" codeListValue="contributor">contributor</gmd:CI_RoleCode>              </gmd:role>            </gmd:CI_ResponsibleParty>          </gmd:citedResponsibleParty>        </gmd:CI_Citation>      </gmd:citation>      <gmd:abstract>        <gco:CharacterString>Tide model for the Hawaiian Islands.  The model is based on climatological stratification, but 64 harmonics are used to model the full-depth baroclinic tides.  The model has been run at 1km resolution, hourly, through the end of 2013.  Due to computing limitations, the model grid is divided into two pieces, one for the Northwestern main Hawaiian Islands (Kauai, Oahu, Maui) and the other for the Big Island.  While considerable effort has been made to implement all model components in a thorough, correct, and accurate manner, numerous sources of error are possible. As such, please use this output with the caution appropriate for any ocean related activity.</gco:CharacterString>      </gmd:abstract>      <srv:serviceType>        <gco:LocalName>ERDDAP OPeNDAP</gco:LocalName>      </srv:serviceType>      <srv:extent>        <gmd:EX_Extent>          <gmd:geographicElement>            <gmd:EX_GeographicBoundingBox>              <gmd:extentTypeCode>                <gco:Boolean>1</gco:Boolean>              </gmd:extentTypeCode>              <gmd:westBoundLongitude>                <gco:Decimal>-160.69</gco:Decimal>              </gmd:westBoundLongitude>              <gmd:eastBoundLongitude>                <gco:Decimal>-155.49</gco:Decimal>              </gmd:eastBoundLongitude>              <gmd:southBoundLatitude>                <gco:Decimal>20.48</gco:Decimal>              </gmd:southBoundLatitude>              <gmd:northBoundLatitude>                <gco:Decimal>22.89</gco:Decimal>              </gmd:northBoundLatitude>            </gmd:EX_GeographicBoundingBox>          </gmd:geographicElement>          <gmd:temporalElement>            <gmd:EX_TemporalExtent>              <gmd:extent>                <gml:TimePeriod gml:id="OD_gmdExtent_timePeriod_id">                  <gml:description>seconds</gml:description>                  <gml:beginPosition>2008-01-01T00:00:00Z</gml:beginPosition>                  <gml:endPosition>2013-12-31T23:00:00Z</gml:endPosition>                </gml:TimePeriod>              </gmd:extent>            </gmd:EX_TemporalExtent>          </gmd:temporalElement>        </gmd:EX_Extent>      </srv:extent>      <srv:couplingType>        <srv:SV_CouplingType codeList="http://www.tc211.org/ISO19139/resources/codeList.xml#SV_CouplingType" codeListValue="tight">tight</srv:SV_CouplingType>      </srv:couplingType>      <srv:containsOperations>        <srv:SV_OperationMetadata>          <srv:operationName>            <gco:CharacterString>OPeNDAPDatasetQueryAndAccess</gco:CharacterString>          </srv:operationName>          <srv:DCP gco:nilReason="unknown"/>          <srv:connectPoint>            <gmd:CI_OnlineResource>              <gmd:linkage>                <gmd:URL>http://oos.soest.hawaii.edu/erddap/griddap/tide_mhi</gmd:URL>              </gmd:linkage>              <gmd:name>                <gco:CharacterString>OPeNDAP</gco:CharacterString>              </gmd:name>              <gmd:description>                <gco:CharacterString>ERDDAP's griddap OPeNDAP service. Add different extensions (e.g., .html, .das, .dds) for different purposes.</gco:CharacterString>              </gmd:description>              <gmd:function>                <gmd:CI_OnLineFunctionCode codeList="http://www.isotc211.org/2005/resources/Codelist/gmxCodelists.xml#CI_OnLineFunctionCode" codeListValue="download">download</gmd:CI_OnLineFunctionCode>              </gmd:function>            </gmd:CI_OnlineResource>          </srv:connectPoint>        </srv:SV_OperationMetadata>      </srv:containsOperations>      <srv:operatesOn xlink:href="#DataIdentification"/>    </srv:SV_ServiceIdentification>  </gmd:identificationInfo>  <gmd:identificationInfo>    <srv:SV_ServiceIdentification id="OGC-WMS">      <gmd:citation>        <gmd:CI_Citation>          <gmd:title>            <gco:CharacterString>Tide Model for the Hawaiian Islands: Main NW Islands: Tidal Velocity</gco:CharacterString>          </gmd:title>          <gmd:date>            <gmd:CI_Date>              <gmd:date>                <gco:Date>2010-11-10Z</gco:Date>              </gmd:date>              <gmd:dateType>                <gmd:CI_DateTypeCode codeList="http://www.ngdc.noaa.gov/metadata/published/xsd/schema/resources/Codelist/gmxCodelists.xml#gmd:CI_DateTypeCode" codeListValue="creation">creation</gmd:CI_DateTypeCode>              </gmd:dateType>            </gmd:CI_Date>          </gmd:date>          <gmd:date>            <gmd:CI_Date>              <gmd:date>                <gco:Date>2010-11-10Z</gco:Date>              </gmd:date>              <gmd:dateType>                <gmd:CI_DateTypeCode codeList="http://www.ngdc.noaa.gov/metadata/published/xsd/schema/resources/Codelist/gmxCodelists.xml#gmd:CI_DateTypeCode" codeListValue="issued">issued</gmd:CI_DateTypeCode>              </gmd:dateType>            </gmd:CI_Date>          </gmd:date>          <gmd:citedResponsibleParty>            <gmd:CI_ResponsibleParty>              <gmd:individualName>                <gco:CharacterString>Glenn Carter</gco:CharacterString>              </gmd:individualName>              <gmd:organisationName>                <gco:CharacterString>University of Hawaii</gco:CharacterString>              </gmd:organisationName>              <gmd:contactInfo>                <gmd:CI_Contact>                  <gmd:address>                    <gmd:CI_Address>                      <gmd:electronicMailAddress>                        <gco:CharacterString>gscarter@hawaii.edu</gco:CharacterString>                      </gmd:electronicMailAddress>                    </gmd:CI_Address>                  </gmd:address>                  <gmd:onlineResource>                    <gmd:CI_OnlineResource>                      <gmd:linkage>                        <gmd:URL>http://apdrc.soest.hawaii.edu/doc/carteretal_revised_pp.pdf</gmd:URL>                      </gmd:linkage>                      <gmd:protocol>                        <gco:CharacterString>http</gco:CharacterString>                      </gmd:protocol>                      <gmd:applicationProfile>                        <gco:CharacterString>web browser</gco:CharacterString>                      </gmd:applicationProfile>                      <gmd:name>                        <gco:CharacterString>Background Information</gco:CharacterString>                      </gmd:name>                      <gmd:description>                        <gco:CharacterString/>                      </gmd:description>                      <gmd:function>                        <gmd:CI_OnLineFunctionCode codeList="http://www.ngdc.noaa.gov/metadata/published/xsd/schema/resources/Codelist/gmxCodelists.xml#gmd:CI_OnLineFunctionCode" codeListValue="information">information</gmd:CI_OnLineFunctionCode>                      </gmd:function>                    </gmd:CI_OnlineResource>                  </gmd:onlineResource>                </gmd:CI_Contact>              </gmd:contactInfo>              <gmd:role>                <gmd:CI_RoleCode codeList="http://www.ngdc.noaa.gov/metadata/published/xsd/schema/resources/Codelist/gmxCodelists.xml#gmd:CI_RoleCode" codeListValue="originator">originator</gmd:CI_RoleCode>              </gmd:role>            </gmd:CI_ResponsibleParty>          </gmd:citedResponsibleParty>          <gmd:citedResponsibleParty>            <gmd:CI_ResponsibleParty>              <gmd:individualName gco:nilReason="missing"/>              <gmd:organisationName>                <gco:CharacterString>Jim Potemra</gco:CharacterString>              </gmd:organisationName>              <gmd:contactInfo gco:nilReason="missing"/>              <gmd:role>                <gmd:CI_RoleCode codeList="http://www.ngdc.noaa.gov/metadata/published/xsd/schema/resources/Codelist/gmxCodelists.xml#gmd:CI_RoleCode" codeListValue="contributor">contributor</gmd:CI_RoleCode>              </gmd:role>            </gmd:CI_ResponsibleParty>          </gmd:citedResponsibleParty>        </gmd:CI_Citation>      </gmd:citation>      <gmd:abstract>        <gco:CharacterString>Tide model for the Hawaiian Islands.  The model is based on climatological stratification, but 64 harmonics are used to model the full-depth baroclinic tides.  The model has been run at 1km resolution, hourly, through the end of 2013.  Due to computing limitations, the model grid is divided into two pieces, one for the Northwestern main Hawaiian Islands (Kauai, Oahu, Maui) and the other for the Big Island.  While considerable effort has been made to implement all model components in a thorough, correct, and accurate manner, numerous sources of error are possible. As such, please use this output with the caution appropriate for any ocean related activity.</gco:CharacterString>      </gmd:abstract>      <srv:serviceType>        <gco:LocalName>Open Geospatial Consortium Web Map Service (WMS)</gco:LocalName>      </srv:serviceType>      <srv:extent>        <gmd:EX_Extent>          <gmd:geographicElement>            <gmd:EX_GeographicBoundingBox>              <gmd:extentTypeCode>                <gco:Boolean>1</gco:Boolean>              </gmd:extentTypeCode>              <gmd:westBoundLongitude>                <gco:Decimal>-160.69</gco:Decimal>              </gmd:westBoundLongitude>              <gmd:eastBoundLongitude>                <gco:Decimal>-155.49</gco:Decimal>              </gmd:eastBoundLongitude>              <gmd:southBoundLatitude>                <gco:Decimal>20.48</gco:Decimal>              </gmd:southBoundLatitude>              <gmd:northBoundLatitude>                <gco:Decimal>22.89</gco:Decimal>              </gmd:northBoundLatitude>            </gmd:EX_GeographicBoundingBox>          </gmd:geographicElement>          <gmd:temporalElement>            <gmd:EX_TemporalExtent>              <gmd:extent>                <gml:TimePeriod gml:id="WMS_gmdExtent_timePeriod_id">                  <gml:description>seconds</gml:description>                  <gml:beginPosition>2008-01-01T00:00:00Z</gml:beginPosition>                  <gml:endPosition>2013-12-31T23:00:00Z</gml:endPosition>                </gml:TimePeriod>              </gmd:extent>            </gmd:EX_TemporalExtent>          </gmd:temporalElement>        </gmd:EX_Extent>      </srv:extent>      <srv:couplingType>        <srv:SV_CouplingType codeList="http://www.tc211.org/ISO19139/resources/codeList.xml#SV_CouplingType" codeListValue="tight">tight</srv:SV_CouplingType>      </srv:couplingType>      <srv:containsOperations>        <srv:SV_OperationMetadata>          <srv:operationName>            <gco:CharacterString>GetCapabilities</gco:CharacterString>          </srv:operationName>          <srv:DCP gco:nilReason="unknown"/>          <srv:connectPoint>            <gmd:CI_OnlineResource>              <gmd:linkage>                <gmd:URL>http://oos.soest.hawaii.edu/erddap/wms/tide_mhi/request?service=WMS&amp;version=1.3.0&amp;request=GetCapabilities</gmd:URL>              </gmd:linkage>              <gmd:name>                <gco:CharacterString>OGC-WMS</gco:CharacterString>              </gmd:name>              <gmd:description>                <gco:CharacterString>Open Geospatial Consortium Web Map Service (WMS)</gco:CharacterString>              </gmd:description>              <gmd:function>                <gmd:CI_OnLineFunctionCode codeList="http://www.isotc211.org/2005/resources/Codelist/gmxCodelists.xml#CI_OnLineFunctionCode" codeListValue="download">download</gmd:CI_OnLineFunctionCode>              </gmd:function>            </gmd:CI_OnlineResource>          </srv:connectPoint>        </srv:SV_OperationMetadata>      </srv:containsOperations>      <srv:operatesOn xlink:href="#DataIdentification"/>    </srv:SV_ServiceIdentification>  </gmd:identificationInfo>  <gmd:contentInfo>    <gmi:MI_CoverageDescription>      <gmd:attributeDescription gco:nilReason="unknown"/>      <gmd:contentType>        <gmd:MD_CoverageContentTypeCode codeList="http://www.ngdc.noaa.gov/metadata/published/xsd/schema/resources/Codelist/gmxCodelists.xml#gmd:MD_CoverageContentTypeCode" codeListValue="physicalMeasurement">physicalMeasurement</gmd:MD_CoverageContentTypeCode>      </gmd:contentType>      <gmd:dimension>        <gmd:MD_Band>          <gmd:sequenceIdentifier>            <gco:MemberName>              <gco:aName>                <gco:CharacterString gco:nilReason="missing">u</gco:CharacterString>              </gco:aName>              <gco:attributeType>                <gco:TypeName>                  <gco:aName>                    <gco:CharacterString>double</gco:CharacterString>                  </gco:aName>                </gco:TypeName>              </gco:attributeType>            </gco:MemberName>          </gmd:sequenceIdentifier>          <gmd:descriptor>            <gco:CharacterString>u-velocity component</gco:CharacterString>          </gmd:descriptor>          <gmd:units xlink:href="http://unitsofmeasure.org/ucum.html#m.s-1"/>        </gmd:MD_Band>      </gmd:dimension>      <gmd:dimension>        <gmd:MD_Band >          <gmd:sequenceIdentifier>            <gco:MemberName>              <gco:aName>                <gco:CharacterString>v</gco:CharacterString>              </gco:aName>              <gco:attributeType>                <gco:TypeName>                  <gco:aName>                    <gco:CharacterString>double</gco:CharacterString>                  </gco:aName>                </gco:TypeName>              </gco:attributeType>            </gco:MemberName>          </gmd:sequenceIdentifier>          <gmd:descriptor>            <gco:CharacterString>v-velocity component</gco:CharacterString>          </gmd:descriptor>          <gmd:units xlink:href="http://unitsofmeasure.org/ucum.html#m.s-1"/>        </gmd:MD_Band>      </gmd:dimension>    </gmi:MI_CoverageDescription>  </gmd:contentInfo>  <gmd:distributionInfo>    <gmd:MD_Distribution>      <gmd:distributor>        <gmd:MD_Distributor>          <gmd:distributorContact>            <gmd:CI_ResponsibleParty>              <gmd:individualName>                <gco:CharacterString>Jim Potemra</gco:CharacterString>              </gmd:individualName>              <gmd:organisationName>                <gco:CharacterString>Pacific Islands Ocean Ocean Observing System (PacIOOS)</gco:CharacterString>              </gmd:organisationName>              <gmd:contactInfo>                <gmd:CI_Contact>                  <gmd:phone>                    <gmd:CI_Telephone>                      <gmd:voice>                        <gco:CharacterString>808-956-2737</gco:CharacterString>                      </gmd:voice>                    </gmd:CI_Telephone>                  </gmd:phone>                  <gmd:address>                    <gmd:CI_Address>                      <gmd:deliveryPoint>                        <gco:CharacterString>1680 East West Road, POST-401</gco:CharacterString>                      </gmd:deliveryPoint>                      <gmd:city>                        <gco:CharacterString>Honolulu</gco:CharacterString>                      </gmd:city>                      <gmd:administrativeArea>                        <gco:CharacterString>HI</gco:CharacterString>                      </gmd:administrativeArea>                      <gmd:postalCode>                        <gco:CharacterString>96822</gco:CharacterString>                      </gmd:postalCode>                      <gmd:country>                        <gco:CharacterString>USA</gco:CharacterString>                      </gmd:country>                      <gmd:electronicMailAddress>                        <gco:CharacterString>jimp@hawaii.edu</gco:CharacterString>                      </gmd:electronicMailAddress>                    </gmd:CI_Address>                  </gmd:address>                </gmd:CI_Contact>              </gmd:contactInfo>              <gmd:role>                <gmd:CI_RoleCode codeList="http://www.ngdc.noaa.gov/metadata/published/xsd/schema/resources/Codelist/gmxCodelists.xml#gmd:CI_RoleCode" codeListValue="distributor">distributor</gmd:CI_RoleCode>              </gmd:role>            </gmd:CI_ResponsibleParty>          </gmd:distributorContact>          <gmd:distributorFormat>            <gmd:MD_Format>              <gmd:name>                <gco:CharacterString>OPeNDAP</gco:CharacterString>              </gmd:name>              <gmd:version>                <gco:CharacterString>DAP/2.0</gco:CharacterString>              </gmd:version>            </gmd:MD_Format>          </gmd:distributorFormat>          <gmd:distributorTransferOptions>            <gmd:MD_DigitalTransferOptions>              <gmd:onLine>                <gmd:CI_OnlineResource>                  <gmd:linkage>                    <gmd:URL>http://oos.soest.hawaii.edu/erddap/griddap/tide_mhi.html</gmd:URL>                  </gmd:linkage>                  <gmd:name>                    <gco:CharacterString>OPeNDAP</gco:CharacterString>                  </gmd:name>                  <gmd:description>                    <gco:CharacterString>ERDDAP's version of the OPeNDAP .html web page for this dataset. Specify a subset of the dataset and download the data via OPeNDAP or in many different file types.</gco:CharacterString>                  </gmd:description>                  <gmd:function>                    <gmd:CI_OnLineFunctionCode codeList="http://www.isotc211.org/2005/resources/Codelist/gmxCodelists.xml#CI_OnLineFunctionCode" codeListValue="download">download</gmd:CI_OnLineFunctionCode>                  </gmd:function>                </gmd:CI_OnlineResource>              </gmd:onLine>            </gmd:MD_DigitalTransferOptions>          </gmd:distributorTransferOptions>          <gmd:distributorTransferOptions>            <gmd:MD_DigitalTransferOptions>              <gmd:onLine>                <gmd:CI_OnlineResource>                  <gmd:linkage>                    <gmd:URL>http://oos.soest.hawaii.edu/erddap/griddap/tide_mhi.graph</gmd:URL>                  </gmd:linkage>                  <gmd:name>                    <gco:CharacterString>Viewer Information</gco:CharacterString>                  </gmd:name>                  <gmd:description>                    <gco:CharacterString>ERDDAP's Make-A-Graph .html web page for this dataset. Create an image with a map or graph of a subset of the data.</gco:CharacterString>                  </gmd:description>                  <gmd:function>                    <gmd:CI_OnLineFunctionCode codeList="http://www.isotc211.org/2005/resources/Codelist/gmxCodelists.xml#CI_OnLineFunctionCode" codeListValue="mapDigital">mapDigital</gmd:CI_OnLineFunctionCode>                  </gmd:function>                </gmd:CI_OnlineResource>              </gmd:onLine>            </gmd:MD_DigitalTransferOptions>          </gmd:distributorTransferOptions>        </gmd:MD_Distributor>      </gmd:distributor>    </gmd:MD_Distribution>  </gmd:distributionInfo>  <gmd:dataQualityInfo>    <gmd:DQ_DataQuality>      <gmd:scope>        <gmd:DQ_Scope>          <gmd:level>            <gmd:MD_ScopeCode codeList="http://www.ngdc.noaa.gov/metadata/published/xsd/schema/resources/Codelist/gmxCodelists.xml#gmd:MD_ScopeCode" codeListValue="dataset">dataset</gmd:MD_ScopeCode>          </gmd:level>        </gmd:DQ_Scope>      </gmd:scope>      <gmd:lineage>        <gmd:LI_Lineage>          <gmd:statement>            <gco:CharacterString>UH/SOEST (G. Carter), PacIOOS model (11/2010), variables combined and common date reference established in archive (5/2011)</gco:CharacterString>          </gmd:statement>        </gmd:LI_Lineage>      </gmd:lineage>    </gmd:DQ_DataQuality>  </gmd:dataQualityInfo>  <gmd:metadataMaintenance>    <gmd:MD_MaintenanceInformation>      <gmd:maintenanceAndUpdateFrequency gco:nilReason="unknown"/>      <gmd:maintenanceNote>        <gco:CharacterString>This record was created from dataset metadata by ERDDAP Version 1.44</gco:CharacterString>      </gmd:maintenanceNote>    </gmd:MD_MaintenanceInformation>  </gmd:metadataMaintenance>
</gmd:MD_Metadata>
